0 info it worked if it ends with ok
1 verbose cli [ '/home/makk/.nvm/versions/node/v6.9.1/bin/node',
1 verbose cli   '/home/makk/.nvm/versions/node/v6.9.1/bin/npm',
1 verbose cli   'start' ]
2 info using npm@4.0.3
3 info using node@v6.9.1
4 verbose run-script [ 'prestart', 'start', 'poststart' ]
5 info lifecycle codeVote@1.0.1~prestart: codeVote@1.0.1
6 silly lifecycle codeVote@1.0.1~prestart: no script for prestart, continuing
7 info lifecycle codeVote@1.0.1~start: codeVote@1.0.1
8 verbose lifecycle codeVote@1.0.1~start: unsafe-perm in lifecycle true
9 verbose lifecycle codeVote@1.0.1~start: PATH: /home/makk/.nvm/versions/node/v6.9.1/lib/node_modules/npm/bin/node-gyp-bin:/home/makk/Dropbox/fullStackJs/dynamicWebAppProjects/codeVote/node_modules/.bin:/opt/sublime_text:/usr/local/heroku/bin:/home/makk/.nvm/versions/node/v6.9.1/bin:/usr/local/sbin:/usr/local/bin:/usr/sbin:/usr/bin:/sbin:/bin:/usr/games:/usr/local/games
10 verbose lifecycle codeVote@1.0.1~start: CWD: /home/makk/Dropbox/fullStackJs/dynamicWebAppProjects/codeVote
11 silly lifecycle codeVote@1.0.1~start: Args: [ '-c', 'node server.js' ]
12 silly lifecycle codeVote@1.0.1~start: Returned: code: 1  signal: null
13 info lifecycle codeVote@1.0.1~start: Failed to exec start script
14 verbose stack Error: codeVote@1.0.1 start: `node server.js`
14 verbose stack Exit status 1
14 verbose stack     at EventEmitter.<anonymous> (/home/makk/.nvm/versions/node/v6.9.1/lib/node_modules/npm/lib/utils/lifecycle.js:279:16)
14 verbose stack     at emitTwo (events.js:106:13)
14 verbose stack     at EventEmitter.emit (events.js:191:7)
14 verbose stack     at ChildProcess.<anonymous> (/home/makk/.nvm/versions/node/v6.9.1/lib/node_modules/npm/lib/utils/spawn.js:40:14)
14 verbose stack     at emitTwo (events.js:106:13)
14 verbose stack     at ChildProcess.emit (events.js:191:7)
14 verbose stack     at maybeClose (internal/child_process.js:877:16)
14 verbose stack     at Process.ChildProcess._handle.onexit (internal/child_process.js:226:5)
15 verbose pkgid codeVote@1.0.1
16 verbose cwd /home/makk/Dropbox/fullStackJs/dynamicWebAppProjects/codeVote
17 error Linux 3.19.0-66-generic
18 error argv "/home/makk/.nvm/versions/node/v6.9.1/bin/node" "/home/makk/.nvm/versions/node/v6.9.1/bin/npm" "start"
19 error node v6.9.1
20 error npm  v4.0.3
21 error code ELIFECYCLE
22 error codeVote@1.0.1 start: `node server.js`
22 error Exit status 1
23 error Failed at the codeVote@1.0.1 start script 'node server.js'.
23 error Make sure you have the latest version of node.js and npm installed.
23 error If you do, this is most likely a problem with the codeVote package,
23 error not with npm itself.
23 error Tell the author that this fails on your system:
23 error     node server.js
23 error You can get information on how to open an issue for this project with:
23 error     npm bugs codeVote
23 error Or if that isn't available, you can get their info via:
23 error     npm owner ls codeVote
23 error There is likely additional logging output above.
24 verbose exit [ 1, true ]
